[DEBUG] [2017-02-21 18:23:20.754] [....] [Container_ID: ] [IP:] [TRANS_ID:] [TRACE_ID:] [SPAN_ID:] [Eureka-JerseyClient-Conn-Cleaner2] [com.netflix.discovery.shared.MonitoredConnectionManager:closeIdleConnections] - [Closing connections idle longer than 30000 SECONDS] 
[DEBUG] [2017-02-21 18:23:20.763] [....] [Container_ID: ] [IP:] [TRANS_ID:] [TRACE_ID:] [SPAN_ID:] [Eureka-JerseyClient-Conn-Cleaner2] [com.netflix.discovery.shared.NamedConnectionPool:closeIdleConnections] - [Closing connections idle longer than 30000 SECONDS] 
[DEBUG] [2017-02-21 18:23:20.770] [....] [Container_ID: ] [IP:] [TRANS_ID:] [TRACE_ID:] [SPAN_ID:] [Eureka-JerseyClient-Conn-Cleaner2] [com.netflix.discovery.shared.MonitoredConnectionManager:closeIdleConnections] - [Closing connections idle longer than -1 SECONDS] 
[DEBUG] [2017-02-21 18:23:20.771] [....] [Container_ID: ] [IP:] [TRANS_ID:] [TRACE_ID:] [SPAN_ID:] [Eureka-JerseyClient-Conn-Cleaner2] [com.netflix.discovery.shared.NamedConnectionPool:closeIdleConnections] - [Closing connections idle longer than 0 SECONDS] 
[DEBUG] [2017-02-21 18:23:20.771] [....] [Container_ID: ] [IP:] [TRANS_ID:] [TRACE_ID:] [SPAN_ID:] [Eureka-JerseyClient-Conn-Cleaner2] [com.netflix.discovery.shared.NamedConnectionPool:closeIdleConnections] - [Closing connection last used @ Tue Feb 21 13:22:53 EST 2017] 
[DEBUG] [2017-02-21 18:23:20.771] [....] [Container_ID: ] [IP:] [TRANS_ID:] [TRACE_ID:] [SPAN_ID:] [Eureka-JerseyClient-Conn-Cleaner2] [com.netflix.discovery.shared.NamedConnectionPool:deleteEntry] - [Deleting connection [{}->http://localhost:8761][null]] 
[DEBUG] [2017-02-21 18:23:20.772] [....] [Container_ID: ] [IP:] [TRANS_ID:] [TRACE_ID:] [SPAN_ID:] [Eureka-JerseyClient-Conn-Cleaner2] [org.apache.http.impl.conn.DefaultClientConnection:close] - [Connection 0.0.0.0:62198<->127.0.0.1:8761 closed] 
[DEBUG] [2017-02-21 18:23:23.830] [....] [Container_ID: ] [IP:] [TRANS_ID:] [TRACE_ID:] [SPAN_ID:] [DiscoveryClient-HeartbeatExecutor-0] [com.netflix.discovery.shared.MonitoredConnectionManager:getConnection] - [Get connection: {}->http://localhost:8761, timeout = 5000] 
[DEBUG] [2017-02-21 18:23:23.831] [....] [Container_ID: ] [IP:] [TRANS_ID:] [TRACE_ID:] [SPAN_ID:] [DiscoveryClient-HeartbeatExecutor-0] [com.netflix.discovery.shared.NamedConnectionPool:getEntryBlocking] - [[{}->http://localhost:8761] total kept alive: 0, total issued: 0, total allocated: 0 out of 200] 
[DEBUG] [2017-02-21 18:23:23.832] [....] [Container_ID: ] [IP:] [TRANS_ID:] [TRACE_ID:] [SPAN_ID:] [DiscoveryClient-HeartbeatExecutor-0] [com.netflix.discovery.shared.NamedConnectionPool:getFreeEntry] - [No free connections [{}->http://localhost:8761][null]] 
[DEBUG] [2017-02-21 18:23:23.832] [....] [Container_ID: ] [IP:] [TRANS_ID:] [TRACE_ID:] [SPAN_ID:] [DiscoveryClient-HeartbeatExecutor-0] [com.netflix.discovery.shared.NamedConnectionPool:getEntryBlocking] - [Available capacity: 50 out of 50 [{}->http://localhost:8761][null]] 
[DEBUG] [2017-02-21 18:23:23.832] [....] [Container_ID: ] [IP:] [TRANS_ID:] [TRACE_ID:] [SPAN_ID:] [DiscoveryClient-HeartbeatExecutor-0] [com.netflix.discovery.shared.NamedConnectionPool:createEntry] - [Creating new connection [{}->http://localhost:8761]] 
[DEBUG] [2017-02-21 18:23:23.834] [....] [Container_ID: ] [IP:] [TRANS_ID:] [TRACE_ID:] [SPAN_ID:] [DiscoveryClient-HeartbeatExecutor-0] [org.apache.http.impl.conn.DefaultClientConnectionOperator:openConnection] - [Connecting to localhost:8761] 
[DEBUG] [2017-02-21 18:23:23.836] [....] [Container_ID: ] [IP:] [TRANS_ID:] [TRACE_ID:] [SPAN_ID:] [DiscoveryClient-HeartbeatExecutor-0] [org.apache.http.client.protocol.RequestAddCookies:process] - [CookieSpec selected: default] 
[DEBUG] [2017-02-21 18:23:23.836] [....] [Container_ID: ] [IP:] [TRANS_ID:] [TRACE_ID:] [SPAN_ID:] [DiscoveryClient-HeartbeatExecutor-0] [org.apache.http.client.protocol.RequestAuthCache:process] - [Auth cache not set in the context] 
[DEBUG] [2017-02-21 18:23:23.836] [....] [Container_ID: ] [IP:] [TRANS_ID:] [TRACE_ID:] [SPAN_ID:] [DiscoveryClient-HeartbeatExecutor-0] [org.apache.http.client.protocol.RequestTargetAuthentication:process] - [Target auth state: UNCHALLENGED] 
[DEBUG] [2017-02-21 18:23:23.837] [....] [Container_ID: ] [IP:] [TRANS_ID:] [TRACE_ID:] [SPAN_ID:] [DiscoveryClient-HeartbeatExecutor-0] [org.apache.http.client.protocol.RequestProxyAuthentication:process] - [Proxy auth state: UNCHALLENGED] 
[DEBUG] [2017-02-21 18:23:23.837] [....] [Container_ID: ] [IP:] [TRANS_ID:] [TRACE_ID:] [SPAN_ID:] [DiscoveryClient-HeartbeatExecutor-0] [org.apache.http.impl.client.DefaultHttpClient:tryExecute] - [Attempt 1 to execute request] 
[DEBUG] [2017-02-21 18:23:23.837] [....] [Container_ID: ] [IP:] [TRANS_ID:] [TRACE_ID:] [SPAN_ID:] [DiscoveryClient-HeartbeatExecutor-0] [org.apache.http.impl.conn.DefaultClientConnection:sendRequestHeader] - [Sending request: PUT /eureka/apps/UNKNOWN/LPW7-5CG6350H9T.corp.epnet.com:8085?status=UP&lastDirtyTimestamp=1487696433624 HTTP/1.1] 
[DEBUG] [2017-02-21 18:23:23.838] [....] [Container_ID: ] [IP:] [TRANS_ID:] [TRACE_ID:] [SPAN_ID:] [DiscoveryClient-HeartbeatExecutor-0] [org.apache.http.wire:wire] - [ >> "PUT /eureka/apps/UNKNOWN/LPW7-5CG6350H9T.corp.epnet.com:8085?status=UP&lastDirtyTimestamp=1487696433624 HTTP/1.1[\r][\n]"] 
[DEBUG] [2017-02-21 18:23:23.838] [....] [Container_ID: ] [IP:] [TRANS_ID:] [TRACE_ID:] [SPAN_ID:] [DiscoveryClient-HeartbeatExecutor-0] [org.apache.http.wire:wire] - [ >> "DiscoveryIdentity-Name: DefaultClient[\r][\n]"] 
[DEBUG] [2017-02-21 18:23:23.838] [....] [Container_ID: ] [IP:] [TRANS_ID:] [TRACE_ID:] [SPAN_ID:] [DiscoveryClient-HeartbeatExecutor-0] [org.apache.http.wire:wire] - [ >> "DiscoveryIdentity-Version: 1.4[\r][\n]"] 
[DEBUG] [2017-02-21 18:23:23.839] [....] [Container_ID: ] [IP:] [TRANS_ID:] [TRACE_ID:] [SPAN_ID:] [DiscoveryClient-HeartbeatExecutor-0] [org.apache.http.wire:wire] - [ >> "DiscoveryIdentity-Id: 172.20.3.43[\r][\n]"] 
[DEBUG] [2017-02-21 18:23:23.839] [....] [Container_ID: ] [IP:] [TRANS_ID:] [TRACE_ID:] [SPAN_ID:] [DiscoveryClient-HeartbeatExecutor-0] [org.apache.http.wire:wire] - [ >> "Accept-Encoding: gzip[\r][\n]"] 
[DEBUG] [2017-02-21 18:23:23.840] [....] [Container_ID: ] [IP:] [TRANS_ID:] [TRACE_ID:] [SPAN_ID:] [DiscoveryClient-HeartbeatExecutor-0] [org.apache.http.wire:wire] - [ >> "Content-Length: 0[\r][\n]"] 
[DEBUG] [2017-02-21 18:23:23.845] [....] [Container_ID: ] [IP:] [TRANS_ID:] [TRACE_ID:] [SPAN_ID:] [DiscoveryClient-HeartbeatExecutor-0] [org.apache.http.wire:wire] - [ >> "Host: localhost:8761[\r][\n]"] 
[DEBUG] [2017-02-21 18:23:23.845] [....] [Container_ID: ] [IP:] [TRANS_ID:] [TRACE_ID:] [SPAN_ID:] [DiscoveryClient-HeartbeatExecutor-0] [org.apache.http.wire:wire] - [ >> "Connection: Keep-Alive[\r][\n]"] 
[DEBUG] [2017-02-21 18:23:23.845] [....] [Container_ID: ] [IP:] [TRANS_ID:] [TRACE_ID:] [SPAN_ID:] [DiscoveryClient-HeartbeatExecutor-0] [org.apache.http.wire:wire] - [ >> "User-Agent: Java-EurekaClient/v1.6.1[\r][\n]"] 
[DEBUG] [2017-02-21 18:23:23.846] [....] [Container_ID: ] [IP:] [TRANS_ID:] [TRACE_ID:] [SPAN_ID:] [DiscoveryClient-HeartbeatExecutor-0] [org.apache.http.wire:wire] - [ >> "[\r][\n]"] 
[DEBUG] [2017-02-21 18:23:23.846] [....] [Container_ID: ] [IP:] [TRANS_ID:] [TRACE_ID:] [SPAN_ID:] [DiscoveryClient-HeartbeatExecutor-0] [org.apache.http.headers:sendRequestHeader] - [>> PUT /eureka/apps/UNKNOWN/LPW7-5CG6350H9T.corp.epnet.com:8085?status=UP&lastDirtyTimestamp=1487696433624 HTTP/1.1] 
[DEBUG] [2017-02-21 18:23:23.846] [....] [Container_ID: ] [IP:] [TRANS_ID:] [TRACE_ID:] [SPAN_ID:] [DiscoveryClient-HeartbeatExecutor-0] [org.apache.http.headers:sendRequestHeader] - [>> DiscoveryIdentity-Name: DefaultClient] 
[DEBUG] [2017-02-21 18:23:23.847] [....] [Container_ID: ] [IP:] [TRANS_ID:] [TRACE_ID:] [SPAN_ID:] [DiscoveryClient-HeartbeatExecutor-0] [org.apache.http.headers:sendRequestHeader] - [>> DiscoveryIdentity-Version: 1.4] 
[DEBUG] [2017-02-21 18:23:23.847] [....] [Container_ID: ] [IP:] [TRANS_ID:] [TRACE_ID:] [SPAN_ID:] [DiscoveryClient-HeartbeatExecutor-0] [org.apache.http.headers:sendRequestHeader] - [>> DiscoveryIdentity-Id: 172.20.3.43] 
[DEBUG] [2017-02-21 18:23:23.847] [....] [Container_ID: ] [IP:] [TRANS_ID:] [TRACE_ID:] [SPAN_ID:] [DiscoveryClient-HeartbeatExecutor-0] [org.apache.http.headers:sendRequestHeader] - [>> Accept-Encoding: gzip] 
[DEBUG] [2017-02-21 18:23:23.848] [....] [Container_ID: ] [IP:] [TRANS_ID:] [TRACE_ID:] [SPAN_ID:] [DiscoveryClient-HeartbeatExecutor-0] [org.apache.http.headers:sendRequestHeader] - [>> Content-Length: 0] 
[DEBUG] [2017-02-21 18:23:23.848] [....] [Container_ID: ] [IP:] [TRANS_ID:] [TRACE_ID:] [SPAN_ID:] [DiscoveryClient-HeartbeatExecutor-0] [org.apache.http.headers:sendRequestHeader] - [>> Host: localhost:8761] 
[DEBUG] [2017-02-21 18:23:23.848] [....] [Container_ID: ] [IP:] [TRANS_ID:] [TRACE_ID:] [SPAN_ID:] [DiscoveryClient-HeartbeatExecutor-0] [org.apache.http.headers:sendRequestHeader] - [>> Connection: Keep-Alive] 
[DEBUG] [2017-02-21 18:23:23.848] [....] [Container_ID: ] [IP:] [TRANS_ID:] [TRACE_ID:] [SPAN_ID:] [DiscoveryClient-HeartbeatExecutor-0] [org.apache.http.headers:sendRequestHeader] - [>> User-Agent: Java-EurekaClient/v1.6.1] 
[DEBUG] [2017-02-21 18:23:23.856] [....] [Container_ID: ] [IP:] [TRANS_ID:] [TRACE_ID:] [SPAN_ID:] [DiscoveryClient-CacheRefreshExecutor-0] [com.netflix.discovery.shared.MonitoredConnectionManager:getConnection] - [Get connection: {}->http://localhost:8761, timeout = 5000] 
[DEBUG] [2017-02-21 18:23:23.856] [....] [Container_ID: ] [IP:] [TRANS_ID:] [TRACE_ID:] [SPAN_ID:] [DiscoveryClient-CacheRefreshExecutor-0] [com.netflix.discovery.shared.NamedConnectionPool:getEntryBlocking] - [[{}->http://localhost:8761] total kept alive: 0, total issued: 1, total allocated: 1 out of 200] 
[DEBUG] [2017-02-21 18:23:23.857] [....] [Container_ID: ] [IP:] [TRANS_ID:] [TRACE_ID:] [SPAN_ID:] [DiscoveryClient-CacheRefreshExecutor-0] [com.netflix.discovery.shared.NamedConnectionPool:getFreeEntry] - [No free connections [{}->http://localhost:8761][null]] 
[DEBUG] [2017-02-21 18:23:23.857] [....] [Container_ID: ] [IP:] [TRANS_ID:] [TRACE_ID:] [SPAN_ID:] [DiscoveryClient-HeartbeatExecutor-0] [org.apache.http.wire:wire] - [ << "HTTP/1.1 200 [\r][\n]"] 
[DEBUG] [2017-02-21 18:23:23.858] [....] [Container_ID: ] [IP:] [TRANS_ID:] [TRACE_ID:] [SPAN_ID:] [DiscoveryClient-HeartbeatExecutor-0] [org.apache.http.wire:wire] - [ << "Content-Type: application/xml[\r][\n]"] 
[DEBUG] [2017-02-21 18:23:23.858] [....] [Container_ID: ] [IP:] [TRANS_ID:] [TRACE_ID:] [SPAN_ID:] [DiscoveryClient-HeartbeatExecutor-0] [org.apache.http.wire:wire] - [ << "Content-Length: 0[\r][\n]"] 
[DEBUG] [2017-02-21 18:23:23.858] [....] [Container_ID: ] [IP:] [TRANS_ID:] [TRACE_ID:] [SPAN_ID:] [DiscoveryClient-HeartbeatExecutor-0] [org.apache.http.wire:wire] - [ << "Date: Tue, 21 Feb 2017 18:23:23 GMT[\r][\n]"] 
[DEBUG] [2017-02-21 18:23:23.859] [....] [Container_ID: ] [IP:] [TRANS_ID:] [TRACE_ID:] [SPAN_ID:] [DiscoveryClient-HeartbeatExecutor-0] [org.apache.http.wire:wire] - [ << "[\r][\n]"] 
[DEBUG] [2017-02-21 18:23:23.859] [....] [Container_ID: ] [IP:] [TRANS_ID:] [TRACE_ID:] [SPAN_ID:] [DiscoveryClient-HeartbeatExecutor-0] [org.apache.http.impl.conn.DefaultClientConnection:receiveResponseHeader] - [Receiving response: HTTP/1.1 200 ] 
[DEBUG] [2017-02-21 18:23:23.859] [....] [Container_ID: ] [IP:] [TRANS_ID:] [TRACE_ID:] [SPAN_ID:] [DiscoveryClient-HeartbeatExecutor-0] [org.apache.http.headers:receiveResponseHeader] - [<< HTTP/1.1 200 ] 
[DEBUG] [2017-02-21 18:23:23.860] [....] [Container_ID: ] [IP:] [TRANS_ID:] [TRACE_ID:] [SPAN_ID:] [DiscoveryClient-HeartbeatExecutor-0] [org.apache.http.headers:receiveResponseHeader] - [<< Content-Type: application/xml] 
[DEBUG] [2017-02-21 18:23:23.857] [....] [Container_ID: ] [IP:] [TRANS_ID:] [TRACE_ID:] [SPAN_ID:] [DiscoveryClient-CacheRefreshExecutor-0] [com.netflix.discovery.shared.NamedConnectionPool:getEntryBlocking] - [Available capacity: 49 out of 50 [{}->http://localhost:8761][null]] 
[DEBUG] [2017-02-21 18:23:23.860] [....] [Container_ID: ] [IP:] [TRANS_ID:] [TRACE_ID:] [SPAN_ID:] [DiscoveryClient-HeartbeatExecutor-0] [org.apache.http.headers:receiveResponseHeader] - [<< Content-Length: 0] 
[DEBUG] [2017-02-21 18:23:23.860] [....] [Container_ID: ] [IP:] [TRANS_ID:] [TRACE_ID:] [SPAN_ID:] [DiscoveryClient-CacheRefreshExecutor-0] [com.netflix.discovery.shared.NamedConnectionPool:createEntry] - [Creating new connection [{}->http://localhost:8761]] 
[DEBUG] [2017-02-21 18:23:23.860] [....] [Container_ID: ] [IP:] [TRANS_ID:] [TRACE_ID:] [SPAN_ID:] [DiscoveryClient-HeartbeatExecutor-0] [org.apache.http.headers:receiveResponseHeader] - [<< Date: Tue, 21 Feb 2017 18:23:23 GMT] 
[DEBUG] [2017-02-21 18:23:23.861] [....] [Container_ID: ] [IP:] [TRANS_ID:] [TRACE_ID:] [SPAN_ID:] [DiscoveryClient-HeartbeatExecutor-0] [org.apache.http.impl.client.DefaultHttpClient:execute] - [Connection can be kept alive indefinitely] 
[DEBUG] [2017-02-21 18:23:23.861] [....] [Container_ID: ] [IP:] [TRANS_ID:] [TRACE_ID:] [SPAN_ID:] [DiscoveryClient-HeartbeatExecutor-0] [com.netflix.discovery.shared.MonitoredConnectionManager:releaseConnection] - [Released connection is reusable.] 
[DEBUG] [2017-02-21 18:23:23.861] [....] [Container_ID: ] [IP:] [TRANS_ID:] [TRACE_ID:] [SPAN_ID:] [DiscoveryClient-HeartbeatExecutor-0] [com.netflix.discovery.shared.NamedConnectionPool:freeEntry] - [Releasing connection [{}->http://localhost:8761][null]] 
[DEBUG] [2017-02-21 18:23:23.862] [....] [Container_ID: ] [IP:] [TRANS_ID:] [TRACE_ID:] [SPAN_ID:] [DiscoveryClient-HeartbeatExecutor-0] [com.netflix.discovery.shared.NamedConnectionPool:freeEntry] - [Pooling connection [{}->http://localhost:8761][null]; keep alive indefinitely] 
[DEBUG] [2017-02-21 18:23:23.862] [....] [Container_ID: ] [IP:] [TRANS_ID:] [TRACE_ID:] [SPAN_ID:] [DiscoveryClient-HeartbeatExecutor-0] [com.netflix.discovery.shared.NamedConnectionPool:notifyWaitingThread] - [Notifying no-one, there are no waiting threads] 
[DEBUG] [2017-02-21 18:23:23.862] [....] [Container_ID: ] [IP:] [TRANS_ID:] [TRACE_ID:] [SPAN_ID:] [DiscoveryClient-HeartbeatExecutor-0] [com.netflix.discovery.shared.transport.jersey.AbstractJerseyEurekaHttpClient:sendHeartBeat] - [Jersey HTTP PUT http://localhost:8761/eureka//apps/UNKNOWN/LPW7-5CG6350H9T.corp.epnet.com:8085; statusCode=200] 
[DEBUG] [2017-02-21 18:23:23.861] [....] [Container_ID: ] [IP:] [TRANS_ID:] [TRACE_ID:] [SPAN_ID:] [DiscoveryClient-CacheRefreshExecutor-0] [org.apache.http.impl.conn.DefaultClientConnectionOperator:openConnection] - [Connecting to localhost:8761] 
[DEBUG] [2017-02-21 18:23:23.863] [....] [Container_ID: ] [IP:] [TRANS_ID:] [TRACE_ID:] [SPAN_ID:] [DiscoveryClient-HeartbeatExecutor-0] [com.netflix.discovery.DiscoveryClient:renew] - [DiscoveryClient_UNKNOWN/LPW7-5CG6350H9T.corp.epnet.com:8085 - Heartbeat status: 200] 
[DEBUG] [2017-02-21 18:23:23.864] [....] [Container_ID: ] [IP:] [TRANS_ID:] [TRACE_ID:] [SPAN_ID:] [DiscoveryClient-CacheRefreshExecutor-0] [org.apache.http.client.protocol.RequestAddCookies:process] - [CookieSpec selected: default] 
[DEBUG] [2017-02-21 18:23:23.864] [....] [Container_ID: ] [IP:] [TRANS_ID:] [TRACE_ID:] [SPAN_ID:] [DiscoveryClient-CacheRefreshExecutor-0] [org.apache.http.client.protocol.RequestAuthCache:process] - [Auth cache not set in the context] 
[DEBUG] [2017-02-21 18:23:23.865] [....] [Container_ID: ] [IP:] [TRANS_ID:] [TRACE_ID:] [SPAN_ID:] [DiscoveryClient-CacheRefreshExecutor-0] [org.apache.http.client.protocol.RequestTargetAuthentication:process] - [Target auth state: UNCHALLENGED] 
[DEBUG] [2017-02-21 18:23:23.865] [....] [Container_ID: ] [IP:] [TRANS_ID:] [TRACE_ID:] [SPAN_ID:] [DiscoveryClient-CacheRefreshExecutor-0] [org.apache.http.client.protocol.RequestProxyAuthentication:process] - [Proxy auth state: UNCHALLENGED] 
[DEBUG] [2017-02-21 18:23:23.865] [....] [Container_ID: ] [IP:] [TRANS_ID:] [TRACE_ID:] [SPAN_ID:] [DiscoveryClient-CacheRefreshExecutor-0] [org.apache.http.impl.client.DefaultHttpClient:tryExecute] - [Attempt 1 to execute request] 
[DEBUG] [2017-02-21 18:23:23.865] [....] [Container_ID: ] [IP:] [TRANS_ID:] [TRACE_ID:] [SPAN_ID:] [DiscoveryClient-CacheRefreshExecutor-0] [org.apache.http.impl.conn.DefaultClientConnection:sendRequestHeader] - [Sending request: GET /eureka/apps/delta HTTP/1.1] 
[DEBUG] [2017-02-21 18:23:23.866] [....] [Container_ID: ] [IP:] [TRANS_ID:] [TRACE_ID:] [SPAN_ID:] [DiscoveryClient-CacheRefreshExecutor-0] [org.apache.http.wire:wire] - [ >> "GET /eureka/apps/delta HTTP/1.1[\r][\n]"] 
[DEBUG] [2017-02-21 18:23:23.866] [....] [Container_ID: ] [IP:] [TRANS_ID:] [TRACE_ID:] [SPAN_ID:] [DiscoveryClient-CacheRefreshExecutor-0] [org.apache.http.wire:wire] - [ >> "Accept: application/json[\r][\n]"] 
[DEBUG] [2017-02-21 18:23:23.867] [....] [Container_ID: ] [IP:] [TRANS_ID:] [TRACE_ID:] [SPAN_ID:] [DiscoveryClient-CacheRefreshExecutor-0] [org.apache.http.wire:wire] - [ >> "DiscoveryIdentity-Name: DefaultClient[\r][\n]"] 
[DEBUG] [2017-02-21 18:23:23.867] [....] [Container_ID: ] [IP:] [TRANS_ID:] [TRACE_ID:] [SPAN_ID:] [DiscoveryClient-CacheRefreshExecutor-0] [org.apache.http.wire:wire] - [ >> "DiscoveryIdentity-Version: 1.4[\r][\n]"] 
[DEBUG] [2017-02-21 18:23:23.869] [....] [Container_ID: ] [IP:] [TRANS_ID:] [TRACE_ID:] [SPAN_ID:] [DiscoveryClient-CacheRefreshExecutor-0] [org.apache.http.wire:wire] - [ >> "DiscoveryIdentity-Id: 172.20.3.43[\r][\n]"] 
[DEBUG] [2017-02-21 18:23:23.869] [....] [Container_ID: ] [IP:] [TRANS_ID:] [TRACE_ID:] [SPAN_ID:] [DiscoveryClient-CacheRefreshExecutor-0] [org.apache.http.wire:wire] - [ >> "Accept-Encoding: gzip[\r][\n]"] 
[DEBUG] [2017-02-21 18:23:23.869] [....] [Container_ID: ] [IP:] [TRANS_ID:] [TRACE_ID:] [SPAN_ID:] [DiscoveryClient-CacheRefreshExecutor-0] [org.apache.http.wire:wire] - [ >> "Host: localhost:8761[\r][\n]"] 
[DEBUG] [2017-02-21 18:23:23.869] [....] [Container_ID: ] [IP:] [TRANS_ID:] [TRACE_ID:] [SPAN_ID:] [DiscoveryClient-CacheRefreshExecutor-0] [org.apache.http.wire:wire] - [ >> "Connection: Keep-Alive[\r][\n]"] 
[DEBUG] [2017-02-21 18:23:23.869] [....] [Container_ID: ] [IP:] [TRANS_ID:] [TRACE_ID:] [SPAN_ID:] [DiscoveryClient-CacheRefreshExecutor-0] [org.apache.http.wire:wire] - [ >> "User-Agent: Java-EurekaClient/v1.6.1[\r][\n]"] 
[DEBUG] [2017-02-21 18:23:23.869] [....] [Container_ID: ] [IP:] [TRANS_ID:] [TRACE_ID:] [SPAN_ID:] [DiscoveryClient-CacheRefreshExecutor-0] [org.apache.http.wire:wire] - [ >> "[\r][\n]"] 
[DEBUG] [2017-02-21 18:23:23.870] [....] [Container_ID: ] [IP:] [TRANS_ID:] [TRACE_ID:] [SPAN_ID:] [DiscoveryClient-CacheRefreshExecutor-0] [org.apache.http.headers:sendRequestHeader] - [>> GET /eureka/apps/delta HTTP/1.1] 
[DEBUG] [2017-02-21 18:23:23.870] [....] [Container_ID: ] [IP:] [TRANS_ID:] [TRACE_ID:] [SPAN_ID:] [DiscoveryClient-CacheRefreshExecutor-0] [org.apache.http.headers:sendRequestHeader] - [>> Accept: application/json] 
[DEBUG] [2017-02-21 18:23:23.870] [....] [Container_ID: ] [IP:] [TRANS_ID:] [TRACE_ID:] [SPAN_ID:] [DiscoveryClient-CacheRefreshExecutor-0] [org.apache.http.headers:sendRequestHeader] - [>> DiscoveryIdentity-Name: DefaultClient] 
[DEBUG] [2017-02-21 18:23:23.870] [....] [Container_ID: ] [IP:] [TRANS_ID:] [TRACE_ID:] [SPAN_ID:] [DiscoveryClient-CacheRefreshExecutor-0] [org.apache.http.headers:sendRequestHeader] - [>> DiscoveryIdentity-Version: 1.4] 
[DEBUG] [2017-02-21 18:23:23.870] [....] [Container_ID: ] [IP:] [TRANS_ID:] [TRACE_ID:] [SPAN_ID:] [DiscoveryClient-CacheRefreshExecutor-0] [org.apache.http.headers:sendRequestHeader] - [>> DiscoveryIdentity-Id: 172.20.3.43] 
[DEBUG] [2017-02-21 18:23:23.870] [....] [Container_ID: ] [IP:] [TRANS_ID:] [TRACE_ID:] [SPAN_ID:] [DiscoveryClient-CacheRefreshExecutor-0] [org.apache.http.headers:sendRequestHeader] - [>> Accept-Encoding: gzip] 
[DEBUG] [2017-02-21 18:23:23.870] [....] [Container_ID: ] [IP:] [TRANS_ID:] [TRACE_ID:] [SPAN_ID:] [DiscoveryClient-CacheRefreshExecutor-0] [org.apache.http.headers:sendRequestHeader] - [>> Host: localhost:8761] 
[DEBUG] [2017-02-21 18:23:23.870] [....] [Container_ID: ] [IP:] [TRANS_ID:] [TRACE_ID:] [SPAN_ID:] [DiscoveryClient-CacheRefreshExecutor-0] [org.apache.http.headers:sendRequestHeader] - [>> Connection: Keep-Alive] 
[DEBUG] [2017-02-21 18:23:23.871] [....] [Container_ID: ] [IP:] [TRANS_ID:] [TRACE_ID:] [SPAN_ID:] [DiscoveryClient-CacheRefreshExecutor-0] [org.apache.http.headers:sendRequestHeader] - [>> User-Agent: Java-EurekaClient/v1.6.1] 
[DEBUG] [2017-02-21 18:23:23.883] [....] [Container_ID: ] [IP:] [TRANS_ID:] [TRACE_ID:] [SPAN_ID:] [DiscoveryClient-CacheRefreshExecutor-0] [org.apache.http.wire:wire] - [ << "HTTP/1.1 200 [\r][\n]"] 
[DEBUG] [2017-02-21 18:23:23.883] [....] [Container_ID: ] [IP:] [TRANS_ID:] [TRACE_ID:] [SPAN_ID:] [DiscoveryClient-CacheRefreshExecutor-0] [org.apache.http.wire:wire] - [ << "Content-Encoding: gzip[\r][\n]"] 
[DEBUG] [2017-02-21 18:23:23.884] [....] [Container_ID: ] [IP:] [TRANS_ID:] [TRACE_ID:] [SPAN_ID:] [DiscoveryClient-CacheRefreshExecutor-0] [org.apache.http.wire:wire] - [ << "Content-Type: application/json[\r][\n]"] 
[DEBUG] [2017-02-21 18:23:23.884] [....] [Container_ID: ] [IP:] [TRANS_ID:] [TRACE_ID:] [SPAN_ID:] [DiscoveryClient-CacheRefreshExecutor-0] [org.apache.http.wire:wire] - [ << "Content-Length: 86[\r][\n]"] 
[DEBUG] [2017-02-21 18:23:23.884] [....] [Container_ID: ] [IP:] [TRANS_ID:] [TRACE_ID:] [SPAN_ID:] [DiscoveryClient-CacheRefreshExecutor-0] [org.apache.http.wire:wire] - [ << "Date: Tue, 21 Feb 2017 18:23:23 GMT[\r][\n]"] 
[DEBUG] [2017-02-21 18:23:23.884] [....] [Container_ID: ] [IP:] [TRANS_ID:] [TRACE_ID:] [SPAN_ID:] [DiscoveryClient-CacheRefreshExecutor-0] [org.apache.http.wire:wire] - [ << "[\r][\n]"] 
[DEBUG] [2017-02-21 18:23:23.884] [....] [Container_ID: ] [IP:] [TRANS_ID:] [TRACE_ID:] [SPAN_ID:] [DiscoveryClient-CacheRefreshExecutor-0] [org.apache.http.impl.conn.DefaultClientConnection:receiveResponseHeader] - [Receiving response: HTTP/1.1 200 ] 
[DEBUG] [2017-02-21 18:23:23.884] [....] [Container_ID: ] [IP:] [TRANS_ID:] [TRACE_ID:] [SPAN_ID:] [DiscoveryClient-CacheRefreshExecutor-0] [org.apache.http.headers:receiveResponseHeader] - [<< HTTP/1.1 200 ] 
[DEBUG] [2017-02-21 18:23:23.884] [....] [Container_ID: ] [IP:] [TRANS_ID:] [TRACE_ID:] [SPAN_ID:] [DiscoveryClient-CacheRefreshExecutor-0] [org.apache.http.headers:receiveResponseHeader] - [<< Content-Encoding: gzip] 
[DEBUG] [2017-02-21 18:23:23.885] [....] [Container_ID: ] [IP:] [TRANS_ID:] [TRACE_ID:] [SPAN_ID:] [DiscoveryClient-CacheRefreshExecutor-0] [org.apache.http.headers:receiveResponseHeader] - [<< Content-Type: application/json] 
[DEBUG] [2017-02-21 18:23:23.885] [....] [Container_ID: ] [IP:] [TRANS_ID:] [TRACE_ID:] [SPAN_ID:] [DiscoveryClient-CacheRefreshExecutor-0] [org.apache.http.headers:receiveResponseHeader] - [<< Content-Length: 86] 
[DEBUG] [2017-02-21 18:23:23.885] [....] [Container_ID: ] [IP:] [TRANS_ID:] [TRACE_ID:] [SPAN_ID:] [DiscoveryClient-CacheRefreshExecutor-0] [org.apache.http.headers:receiveResponseHeader] - [<< Date: Tue, 21 Feb 2017 18:23:23 GMT] 
[DEBUG] [2017-02-21 18:23:23.885] [....] [Container_ID: ] [IP:] [TRANS_ID:] [TRACE_ID:] [SPAN_ID:] [DiscoveryClient-CacheRefreshExecutor-0] [org.apache.http.impl.client.DefaultHttpClient:execute] - [Connection can be kept alive indefinitely] 
[DEBUG] [2017-02-21 18:23:23.885] [....] [Container_ID: ] [IP:] [TRANS_ID:] [TRACE_ID:] [SPAN_ID:] [DiscoveryClient-CacheRefreshExecutor-0] [org.apache.http.wire:wire] - [ << "[0x1f][0x8b][0x8][0x0][0x0][0x0][0x0][0x0][0x0][0x0][0xab]VJ,([0xc8][0xc9]LN,[0xc9][0xcc][0xcf]+V[0xb2][0xaa]V*K-*[0x6][0xb1][0xe3][0xe3]SRsJ[0x12][0x95][0xac][0x94][0x8c]L[0x94]t@[0xca][0x80]B[0x19][0x89][0xc5][0x19][0xc9][0xf9])[0xa9]@[0xd1][0xd0][0x80]x[0xc3]x[0x88][0x4]L[0xbf][0x92]Utlm-[0x0][0x8]#[0x11][0x9a]S[0x0][0x0][0x0]"] 
[DEBUG] [2017-02-21 18:23:23.886] [....] [Container_ID: ] [IP:] [TRANS_ID:] [TRACE_ID:] [SPAN_ID:] [DiscoveryClient-CacheRefreshExecutor-0] [com.netflix.discovery.shared.MonitoredConnectionManager:releaseConnection] - [Released connection is reusable.] 
[DEBUG] [2017-02-21 18:23:23.886] [....] [Container_ID: ] [IP:] [TRANS_ID:] [TRACE_ID:] [SPAN_ID:] [DiscoveryClient-CacheRefreshExecutor-0] [com.netflix.discovery.shared.NamedConnectionPool:freeEntry] - [Releasing connection [{}->http://localhost:8761][null]] 
[DEBUG] [2017-02-21 18:23:23.887] [....] [Container_ID: ] [IP:] [TRANS_ID:] [TRACE_ID:] [SPAN_ID:] [DiscoveryClient-CacheRefreshExecutor-0] [com.netflix.discovery.shared.NamedConnectionPool:freeEntry] - [Pooling connection [{}->http://localhost:8761][null]; keep alive indefinitely] 
[DEBUG] [2017-02-21 18:23:23.887] [....] [Container_ID: ] [IP:] [TRANS_ID:] [TRACE_ID:] [SPAN_ID:] [DiscoveryClient-CacheRefreshExecutor-0] [com.netflix.discovery.shared.NamedConnectionPool:notifyWaitingThread] - [Notifying no-one, there are no waiting threads] 
[DEBUG] [2017-02-21 18:23:23.889] [....] [Container_ID: ] [IP:] [TRANS_ID:] [TRACE_ID:] [SPAN_ID:] [DiscoveryClient-CacheRefreshExecutor-0] [com.netflix.discovery.shared.transport.jersey.AbstractJerseyEurekaHttpClient:getApplicationsInternal] - [Jersey HTTP GET http://localhost:8761/eureka//apps/delta?; statusCode=200] 
[DEBUG] [2017-02-21 18:23:23.889] [....] [Container_ID: ] [IP:] [TRANS_ID:] [TRACE_ID:] [SPAN_ID:] [DiscoveryClient-CacheRefreshExecutor-0] [com.netflix.discovery.DiscoveryClient:getAndUpdateDelta] - [Got delta update with apps hashcode UP_1_] 
[DEBUG] [2017-02-21 18:23:23.889] [....] [Container_ID: ] [IP:] [TRANS_ID:] [TRACE_ID:] [SPAN_ID:] [DiscoveryClient-CacheRefreshExecutor-0] [com.netflix.discovery.DiscoveryClient:updateDelta] - [The total number of instances fetched by the delta processor : 0] 
[DEBUG] [2017-02-21 18:23:23.889] [....] [Container_ID: ] [IP:] [TRANS_ID:] [TRACE_ID:] [SPAN_ID:] [DiscoveryClient-CacheRefreshExecutor-0] [com.netflix.discovery.DiscoveryClient:logTotalInstances] - [The total number of all instances in the client now is 1] 
[DEBUG] [2017-02-21 18:23:23.889] [....] [Container_ID: ] [IP:] [TRANS_ID:] [TRACE_ID:] [SPAN_ID:] [DiscoveryClient-CacheRefreshExecutor-0] [com.netflix.discovery.DiscoveryClient:refreshRegistry] - [Completed cache refresh task for discovery. All Apps hash code is Local region apps hashcode: UP_1_, is fetching remote regions? false ] 
